<?xml version="1.0" encoding="UTF-8"?>
<testsuite xmlns:xsi="http://www.w3.org/2001/XMLSchema-instance" xsi:noNamespaceSchemaLocation="https://maven.apache.org/surefire/maven-surefire-plugin/xsd/surefire-test-report.xsd" name="testRunner.TestRunner" time="2.515" tests="4" errors="2" skipped="2" failures="0">
  <properties>
[...]
</properties>
  <testcase name="Given user is on amazon login page" classname="| 5195050401 | jaimin@123 |" time="0.007">
    <error message="No browserName or device specified in session request. Please check our platforms documentation (https://saucelabs.com/docs/platforms): {&apos;sauce:options&apos;: {&apos;username&apos;: &apos;jaiminka&apos;, &apos;accessKey&apos;: &apos;XXXXXXXX-XXXX-XXXX-XXXX-XXXX5bce4ce8&apos;}} (WARNING: The server did not provide any stacktrace information)&#10;Command duration or timeout: 1.33 seconds&#10;Build info: version: &apos;3.14.0&apos;, revision: &apos;aacccce0&apos;, time: &apos;2018-08-02T20:19:58.91Z&apos;&#10;System info: host: &apos;DESKTOP-8GAKHLN&apos;, ip: &apos;192.168.2.152&apos;, os.name: &apos;Windows 10&apos;, os.arch: &apos;amd64&apos;, os.version: &apos;10.0&apos;, java.version: &apos;11.0.12&apos;&#10;Driver info: driver.version: RemoteWebDriver" type="org.openqa.selenium.WebDriverException">org.openqa.selenium.WebDriverException: 
No browserName or device specified in session request. Please check our platforms documentation (https://saucelabs.com/docs/platforms): {'sauce:options': {'username': 'jaiminka', 'accessKey': 'XXXXXXXX-XXXX-XXXX-XXXX-XXXX5bce4ce8'}} (WARNING: The server did not provide any stacktrace information)
Command duration or timeout: 1.33 seconds
Build info: version: '3.14.0', revision: 'aacccce0', time: '2018-08-02T20:19:58.91Z'
System info: host: 'DESKTOP-8GAKHLN', ip: '192.168.2.152', os.name: 'Windows 10', os.arch: 'amd64', os.version: '10.0', java.version: '11.0.12'
Driver info: driver.version: RemoteWebDriver
</error>
    <system-out><![CDATA[Feature: amazon login feature

  #Scenario: amazon login scenario
  #Given user is on amazon login page
  #When user enter <email> and <password>.
  #| kachadiya | jaimin |
  #Then validate user is correct account
  #Scenario: amazon login scenario
  #Given user is on amazon login page
  #When user enter '5195050401' and 'jaimin@123'.
  #Then validate user is correct account
  Scenario Outline: amazon login scenario      # C:/Selenium_Practice/mvnBDDamazonsource/src/main/java/feature/Login.feature:19
    Given user is on amazon login page
    When user enter <username> and <password>.
    Then validate user is correct account

    Examples: 
]]></system-out>
  </testcase>
  <testcase name="| 5195050401 | jaimin@123 |" classname="| 5195050401 | jaimin@123 |" time="0.008">
    <error message="No browserName or device specified in session request. Please check our platforms documentation (https://saucelabs.com/docs/platforms): {&apos;sauce:options&apos;: {&apos;username&apos;: &apos;jaiminka&apos;, &apos;accessKey&apos;: &apos;XXXXXXXX-XXXX-XXXX-XXXX-XXXX5bce4ce8&apos;}} (WARNING: The server did not provide any stacktrace information)&#10;Command duration or timeout: 1.33 seconds&#10;Build info: version: &apos;3.14.0&apos;, revision: &apos;aacccce0&apos;, time: &apos;2018-08-02T20:19:58.91Z&apos;&#10;System info: host: &apos;DESKTOP-8GAKHLN&apos;, ip: &apos;192.168.2.152&apos;, os.name: &apos;Windows 10&apos;, os.arch: &apos;amd64&apos;, os.version: &apos;10.0&apos;, java.version: &apos;11.0.12&apos;&#10;Driver info: driver.version: RemoteWebDriver" type="org.openqa.selenium.WebDriverException">org.openqa.selenium.WebDriverException: 
No browserName or device specified in session request. Please check our platforms documentation (https://saucelabs.com/docs/platforms): {'sauce:options': {'username': 'jaiminka', 'accessKey': 'XXXXXXXX-XXXX-XXXX-XXXX-XXXX5bce4ce8'}} (WARNING: The server did not provide any stacktrace information)
Command duration or timeout: 1.33 seconds
Build info: version: '3.14.0', revision: 'aacccce0', time: '2018-08-02T20:19:58.91Z'
System info: host: 'DESKTOP-8GAKHLN', ip: '192.168.2.152', os.name: 'Windows 10', os.arch: 'amd64', os.version: '10.0', java.version: '11.0.12'
Driver info: driver.version: RemoteWebDriver
</error>
  </testcase>
  <testcase name="When user enter 5195050401 and jaimin@123." classname="| 5195050401 | jaimin@123 |" time="0">
    <skipped/>
  </testcase>
  <testcase name="Then validate user is correct account" classname="| 5195050401 | jaimin@123 |" time="0">
    <skipped/>
  </testcase>
</testsuite>